[debug] [2021-10-08T13:30:41.447Z] ----------------------------------------------------------------------
[debug] [2021-10-08T13:30:41.449Z] Command:       C:\Program Files\nodejs\node.exe C:\Users\deepa\AppData\Roaming\npm\node_modules\firebase-tools\lib\bin\firebase.js init
[debug] [2021-10-08T13:30:41.450Z] CLI Version:   9.20.0
[debug] [2021-10-08T13:30:41.450Z] Platform:      win32
[debug] [2021-10-08T13:30:41.450Z] Node Version:  v14.17.3
[debug] [2021-10-08T13:30:41.450Z] Time:          Fri Oct 08 2021 19:00:41 GMT+0530 (India Standard Time)
[debug] [2021-10-08T13:30:41.450Z] ----------------------------------------------------------------------
[debug] 
[debug] [2021-10-08T13:30:41.458Z] > command requires scopes: ["email","openid","https://www.googleapis.com/auth/cloudplatformprojects.readonly","https://www.googleapis.com/auth/firebase","https://www.googleapis.com/auth/cloud-platform"]
[debug] [2021-10-08T13:30:41.458Z] > authorizing via signed-in user (saideepak627@gmail.com)
[info] 
     ######## #### ########  ######## ########     ###     ######  ########
     ##        ##  ##     ## ##       ##     ##  ##   ##  ##       ##
     ######    ##  ########  ######   ########  #########  ######  ######
     ##        ##  ##    ##  ##       ##     ## ##     ##       ## ##
     ##       #### ##     ## ######## ########  ##     ##  ######  ########

You're about to initialize a Firebase project in this directory:

  C:\Users\deepa\Desktop\OnlineFoodDelivery\OnlineFoodDelivery\OnlineFoodDelivery

[info] 
=== Project Setup
[info] 
[info] First, let's associate this project directory with a Firebase project.
[info] You can create multiple project aliases by running firebase use --add, 
[info] but for now we'll just set up a default project.
[info] 
[debug] [2021-10-08T13:31:26.137Z] >>> [apiv2][query] GET https://firebase.googleapis.com/v1beta1/projects pageSize=100
[debug] [2021-10-08T13:31:26.943Z] <<< [apiv2][status] GET https://firebase.googleapis.com/v1beta1/projects 200
[debug] [2021-10-08T13:31:26.943Z] <<< [apiv2][body] GET https://firebase.googleapis.com/v1beta1/projects [omitted]
[info] i  Using project online-food-delivery-c1fa1 (online-food-delivery) 
[info] 
=== Hosting Setup
[info] 
[info] Your public directory is the folder (relative to your project directory) that
[info] will contain Hosting assets to be uploaded with firebase deploy. If you
[info] have a build process for your assets, use your build's output directory.
[info] 
[info] +  Wrote src/404.html 
[debug] [2021-10-08T13:39:09.233Z] >>> [apiv2][query] GET https://www.gstatic.com/firebasejs/releases.json [none]
[debug] [2021-10-08T13:39:09.410Z] <<< [apiv2][status] GET https://www.gstatic.com/firebasejs/releases.json 200
[debug] [2021-10-08T13:39:09.410Z] <<< [apiv2][body] GET https://www.gstatic.com/firebasejs/releases.json {"current":{"version":"9.1.2","browserURL":"https://www.gstatic.com/firebasejs/9.1.2/firebase.js","packageURL":"https://www.gstatic.com/firebasejs/9.1.2/firebase.tgz"},"live":{"version":"9.1","browserURL":"https://www.gstatic.com/firebasejs/live/9.1/firebase.js","packageURL":"https://www.gstatic.com/firebasejs/live/9.1/firebase.tgz"},"components":{"analytics":"https://www.gstatic.com/firebasejs/9.1.2/firebase-analytics.js","app":"https://www.gstatic.com/firebasejs/9.1.2/firebase-app.js","app-check":"https://www.gstatic.com/firebasejs/9.1.2/firebase-app-check.js","auth":"https://www.gstatic.com/firebasejs/9.1.2/firebase-auth.js","auth/cordova":"https://www.gstatic.com/firebasejs/9.1.2/firebase-auth/cordova.js","auth/react-native":"https://www.gstatic.com/firebasejs/9.1.2/firebase-auth/react-native.js","functions":"https://www.gstatic.com/firebasejs/9.1.2/firebase-functions.js","firestore":"https://www.gstatic.com/firebasejs/9.1.2/firebase-firestore.js","firestore/lite":"https://www.gstatic.com/firebasejs/9.1.2/firebase-firestore/lite.js","storage":"https://www.gstatic.com/firebasejs/9.1.2/firebase-storage.js","performance":"https://www.gstatic.com/firebasejs/9.1.2/firebase-performance.js","remote-config":"https://www.gstatic.com/firebasejs/9.1.2/firebase-remote-config.js","messaging":"https://www.gstatic.com/firebasejs/9.1.2/firebase-messaging.js","messaging/sw":"https://www.gstatic.com/firebasejs/9.1.2/firebase-messaging/sw.js","database":"https://www.gstatic.com/firebasejs/9.1.2/firebase-database.js","firestore.memory":"https://www.gstatic.com/firebasejs/9.1.2/firebase-firestore.memory.js"}}
[info] i  Skipping write of src/index.html 
[info] 
[info] i  Detected a .git folder at C:\Users\deepa\Desktop\OnlineFoodDelivery\OnlineFoodDelivery\OnlineFoodDelivery 
[info] i  Authorizing with GitHub to upload your service account to a GitHub repository's secrets store. 
[info] 
[info] Visit this URL on this device to log in:
[info] https://github.com/login/oauth/authorize?client_id=89cf50f02ac6aaed3484&state=923339258&redirect_uri=http%3A%2F%2Flocalhost%3A9005&scope=read%3Auser%20repo%20public_repo
[info] 
[info] Waiting for authentication...
[debug] [2021-10-08T13:39:28.204Z] >>> HTTP REQUEST POST https://github.com/login/oauth/access_token  
 {"client_id":"89cf50f02ac6aaed3484","client_secret":"3330d14abc895d9a74d5f17cd7a00711fa2c5bf0","code":"f8bdd27ec1439e833503","redirect_uri":"http://localhost:9005","state":"923339258"}
[debug] [2021-10-08T13:39:28.592Z] <<< HTTP RESPONSE 200 {"server":"GitHub.com","date":"Fri, 08 Oct 2021 13:39:28 GMT","content-type":"application/json; charset=utf-8","transfer-encoding":"chunked","vary":"X-PJAX, X-PJAX-Container, Accept-Encoding, Accept, X-Requested-With","permissions-policy":"interest-cohort=()","etag":"W/\"69c1b4c2eca4ee00ecb4467607a0e840\"","cache-control":"max-age=0, private, must-revalidate","strict-transport-security":"max-age=31536000; includeSubdomains; preload","x-frame-options":"deny","x-content-type-options":"nosniff","x-xss-protection":"0","referrer-policy":"origin-when-cross-origin, strict-origin-when-cross-origin","expect-ct":"max-age=2592000, report-uri=\"https://api.github.com/_private/browser/errors\"","content-security-policy":"default-src 'none'; base-uri 'self'; block-all-mixed-content; child-src github.com/assets-cdn/worker/ gist.github.com/assets-cdn/worker/; connect-src 'self' uploads.github.com www.githubstatus.com collector.githubapp.com api.github.com github-cloud.s3.amazonaws.com github-production-repository-file-5c1aeb.s3.amazonaws.com github-production-upload-manifest-file-7fdce7.s3.amazonaws.com github-production-user-asset-6210df.s3.amazonaws.com cdn.optimizely.com logx.optimizely.com/v1/events translator.github.com wss://alive.github.com; font-src github.githubassets.com; form-action 'self' github.com gist.github.com; frame-ancestors 'none'; frame-src render.githubusercontent.com viewscreen.githubusercontent.com viewscreen-lab.githubusercontent.com; img-src 'self' data: github.githubassets.com identicons.github.com collector.githubapp.com github-cloud.s3.amazonaws.com secured-user-images.githubusercontent.com/ *.githubusercontent.com; manifest-src 'self'; media-src github.com user-images.githubusercontent.com/; script-src github.githubassets.com; style-src 'unsafe-inline' github.githubassets.com; worker-src github.com/assets-cdn/worker/ gist.github.com/assets-cdn/worker/ github.com/socket-worker-0af8a29d.js gist.github.com/socket-worker-0af8a29d.js","x-github-request-id":"9EE9:79A9:19E084:214E7C:61604A0F"}
[debug] [2021-10-08T13:39:28.701Z] >>> [apiv2][query] GET https://api.github.com/user [none]
[debug] [2021-10-08T13:39:29.103Z] <<< [apiv2][status] GET https://api.github.com/user 200
[debug] [2021-10-08T13:39:29.103Z] <<< [apiv2][body] GET https://api.github.com/user {"login":"deepakbelamana","id":53257796,"node_id":"MDQ6VXNlcjUzMjU3Nzk2","avatar_url":"https://avatars.githubusercontent.com/u/53257796?v=4","gravatar_id":"","url":"https://api.github.com/users/deepakbelamana","html_url":"https://github.com/deepakbelamana","followers_url":"https://api.github.com/users/deepakbelamana/followers","following_url":"https://api.github.com/users/deepakbelamana/following{/other_user}","gists_url":"https://api.github.com/users/deepakbelamana/gists{/gist_id}","starred_url":"https://api.github.com/users/deepakbelamana/starred{/owner}{/repo}","subscriptions_url":"https://api.github.com/users/deepakbelamana/subscriptions","organizations_url":"https://api.github.com/users/deepakbelamana/orgs","repos_url":"https://api.github.com/users/deepakbelamana/repos","events_url":"https://api.github.com/users/deepakbelamana/events{/privacy}","received_events_url":"https://api.github.com/users/deepakbelamana/received_events","type":"User","site_admin":false,"name":"Deepak Belamana","company":null,"blog":"https://www.youtube.com/channel/UC59T_lCmKhHmJ2B6ttficzQ","location":null,"email":null,"hireable":null,"bio":"you know who i am ","twitter_username":"saideepak627","public_repos":3,"public_gists":0,"followers":1,"following":1,"created_at":"2019-07-24T09:34:42Z","updated_at":"2021-10-06T07:47:18Z","private_gists":0,"total_private_repos":0,"owned_private_repos":0,"disk_usage":2045,"collaborators":0,"two_factor_authentication":false,"plan":{"name":"free","space":976562499,"collaborators":0,"private_repos":10000}}
[info] 
[info] +  Success! Logged into GitHub as deepakbelamana 
[info] 
[debug] [2021-10-08T13:39:38.958Z] >>> [apiv2][query] GET https://api.github.com/repos//actions/secrets/public-key type=owner
[debug] [2021-10-08T13:39:39.297Z] <<< [apiv2][status] GET https://api.github.com/repos//actions/secrets/public-key 404
[debug] [2021-10-08T13:39:39.298Z] <<< [apiv2][body] GET https://api.github.com/repos//actions/secrets/public-key {"message":"Not Found","documentation_url":"https://docs.github.com/rest"}
[debug] [2021-10-08T13:40:20.538Z] >>> [apiv2][query] GET https://api.github.com/repos//actions/secrets/public-key type=owner
[debug] [2021-10-08T13:40:20.859Z] >>> [apiv2][query] GET https://api.github.com/repos//actions/secrets/public-key type=owner
[debug] [2021-10-08T13:40:20.884Z] <<< [apiv2][status] GET https://api.github.com/repos//actions/secrets/public-key 404
[debug] [2021-10-08T13:40:20.884Z] <<< [apiv2][body] GET https://api.github.com/repos//actions/secrets/public-key {"message":"Not Found","documentation_url":"https://docs.github.com/rest"}
[debug] [2021-10-08T13:40:21.060Z] >>> [apiv2][query] GET https://api.github.com/repos//actions/secrets/public-key type=owner
[debug] [2021-10-08T13:40:21.195Z] <<< [apiv2][status] GET https://api.github.com/repos//actions/secrets/public-key 404
[debug] [2021-10-08T13:40:21.196Z] <<< [apiv2][body] GET https://api.github.com/repos//actions/secrets/public-key {"message":"Not Found","documentation_url":"https://docs.github.com/rest"}
[debug] [2021-10-08T13:40:21.391Z] <<< [apiv2][status] GET https://api.github.com/repos//actions/secrets/public-key 404
[debug] [2021-10-08T13:40:21.392Z] <<< [apiv2][body] GET https://api.github.com/repos//actions/secrets/public-key {"message":"Not Found","documentation_url":"https://docs.github.com/rest"}
[debug] [2021-10-08T13:40:22.261Z] >>> [apiv2][query] GET https://api.github.com/repos//actions/secrets/public-key type=owner
[debug] [2021-10-08T13:40:22.432Z] >>> [apiv2][query] GET https://api.github.com/repos//actions/secrets/public-key type=owner
[debug] [2021-10-08T13:40:22.605Z] <<< [apiv2][status] GET https://api.github.com/repos//actions/secrets/public-key 404
[debug] [2021-10-08T13:40:22.605Z] <<< [apiv2][body] GET https://api.github.com/repos//actions/secrets/public-key {"message":"Not Found","documentation_url":"https://docs.github.com/rest"}
[debug] [2021-10-08T13:40:22.773Z] <<< [apiv2][status] GET https://api.github.com/repos//actions/secrets/public-key 404
[debug] [2021-10-08T13:40:22.774Z] <<< [apiv2][body] GET https://api.github.com/repos//actions/secrets/public-key {"message":"Not Found","documentation_url":"https://docs.github.com/rest"}
[debug] [2021-10-08T13:49:29.098Z] ----------------------------------------------------------------------
[debug] [2021-10-08T13:49:29.101Z] Command:       C:\Program Files\nodejs\node.exe C:\Users\deepa\AppData\Roaming\npm\node_modules\firebase-tools\lib\bin\firebase.js init
[debug] [2021-10-08T13:49:29.101Z] CLI Version:   9.20.0
[debug] [2021-10-08T13:49:29.101Z] Platform:      win32
[debug] [2021-10-08T13:49:29.101Z] Node Version:  v14.17.3
[debug] [2021-10-08T13:49:29.102Z] Time:          Fri Oct 08 2021 19:19:29 GMT+0530 (India Standard Time)
[debug] [2021-10-08T13:49:29.102Z] ----------------------------------------------------------------------
[debug] 
[debug] [2021-10-08T13:49:29.109Z] > command requires scopes: ["email","openid","https://www.googleapis.com/auth/cloudplatformprojects.readonly","https://www.googleapis.com/auth/firebase","https://www.googleapis.com/auth/cloud-platform"]
[debug] [2021-10-08T13:49:29.109Z] > authorizing via signed-in user (saideepak627@gmail.com)
[info] 
     ######## #### ########  ######## ########     ###     ######  ########
     ##        ##  ##     ## ##       ##     ##  ##   ##  ##       ##
     ######    ##  ########  ######   ########  #########  ######  ######
     ##        ##  ##    ##  ##       ##     ## ##     ##       ## ##
     ##       #### ##     ## ######## ########  ##     ##  ######  ########

You're about to initialize a Firebase project in this directory:

  C:\Users\deepa\Desktop\OnlineFoodDelivery\OnlineFoodDelivery\OnlineFoodDelivery

[info] 
=== Project Setup
[info] 
[info] First, let's associate this project directory with a Firebase project.
[info] You can create multiple project aliases by running firebase use --add, 
[info] but for now we'll just set up a default project.
[info] 
[debug] [2021-10-08T13:49:36.311Z] >>> [apiv2][query] GET https://firebase.googleapis.com/v1beta1/projects pageSize=100
[debug] [2021-10-08T13:49:37.039Z] <<< [apiv2][status] GET https://firebase.googleapis.com/v1beta1/projects 200
[debug] [2021-10-08T13:49:37.039Z] <<< [apiv2][body] GET https://firebase.googleapis.com/v1beta1/projects [omitted]
[info] i  Using project online-food-delivery-c1fa1 (online-food-delivery) 
[info] 
=== Hosting Setup
[info] 
[info] Your public directory is the folder (relative to your project directory) that
[info] will contain Hosting assets to be uploaded with firebase deploy. If you
[info] have a build process for your assets, use your build's output directory.
[info] 
[debug] [2021-10-08T13:49:49.174Z] Error: EINVAL: invalid argument, mkdir 'C:\Users\deepa\Desktop\OnlineFoodDelivery\OnlineFoodDelivery\OnlineFoodDelivery\src'
    at Object.mkdirSync (fs.js:1009:3)
    at Object.mkdirsSync (C:\Users\deepa\AppData\Roaming\npm\node_modules\firebase-tools\node_modules\fs-extra\lib\mkdirs\mkdirs-sync.js:31:9)
    at Object.createFileSync (C:\Users\deepa\AppData\Roaming\npm\node_modules\firebase-tools\node_modules\fs-extra\lib\ensure\file.js:40:11)
    at Config.writeProjectFile (C:\Users\deepa\AppData\Roaming\npm\node_modules\firebase-tools\lib\config.js:144:12)
    at C:\Users\deepa\AppData\Roaming\npm\node_modules\firebase-tools\lib\config.js:162:22
    at processTicksAndRejections (internal/process/task_queues.js:95:5)
[error] 
[error] Error: An unexpected error has occurred.
